
[2023-06-06 21:36:38] Wallet4 Signing MESSAGE-TX : &{{2d3c1c96-0732-4ae7-8b41-9b47088a4838 2023-06-06 21:36:38.9325266 -0500 CDT m=+0.024295501 1.0 MESSAGE 0xc00002ec60 0xc00002eb40 0.05  [] []} Thank you Wallet4!}
[2023-06-06 21:36:38] Added TX to que: &{{2d3c1c96-0732-4ae7-8b41-9b47088a4838 2023-06-06 21:36:38.9325266 -0500 CDT m=+0.024295501 1.0 MESSAGE 0xc00002ec60 0xc00002eb40 0.05  [216 43 183 239 29 89 242 161 35 110 136 154 130 218 215 241 140 125 39 171 58 236 70 231 85 248 187 26 223 83 16 102 77 235 13 125 187 25 92 222 113 80 216 154 213 108 74 104 160 207 185 86 28 30 2 70 210 194 223 103 138 105 183 226] []} Thank you Wallet4!}
[2023-06-06 21:36:38] Creating BANK-TX - FROM: 45307df9fd00efcd4c89f3f6c10a6139de9977583472b0a22b76166e376f503b, TO: 658fc43f6759ef07feb14a086a42b7748b0bc60eaf92950b794583b33f4c760f
[2023-06-06 21:36:38] Wallet4 Signing BANK-TX : &{{41adce19-9e6e-410d-800c-d0b04cf962bb 2023-06-06 21:36:38.9327521 -0500 CDT m=+0.024520901 1.0 BANK 0xc00002ec60 0xc00002eae0 0.05  [] []} 0.9081282248426963}
[2023-06-06 21:36:38] Added TX to que: &{{41adce19-9e6e-410d-800c-d0b04cf962bb 2023-06-06 21:36:38.9327521 -0500 CDT m=+0.024520901 1.0 BANK 0xc00002ec60 0xc00002eae0 0.05  [83 190 162 158 174 90 216 55 91 188 114 27 54 231 14 58 23 203 64 104 192 4 202 154 219 118 28 140 15 252 158 91 149 37 119 217 195 41 21 149 244 65 96 103 235 188 107 220 203 194 105 113 138 87 115 187 6 124 186 159 151 231 234 56] []} 0.9081282248426963}
Sleeping for 1ns...
[2023-06-06 21:36:38] Creating MESSAGE-TX - FROM: 658fc43f6759ef07feb14a086a42b7748b0bc60eaf92950b794583b33f4c760f, TO: 45307df9fd00efcd4c89f3f6c10a6139de9977583472b0a22b76166e376f503b
[2023-06-06 21:36:38] Wallet0 Signing MESSAGE-TX : &{{e769d837-f7e8-4a9b-922d-f42329c8844d 2023-06-06 21:36:38.9330419 -0500 CDT m=+0.024810701 1.0 MESSAGE 0xc00002eae0 0xc00002ec60 0.05  [] []} Thank you Wallet0!}
[2023-06-06 21:36:38] Added TX to que: &{{e769d837-f7e8-4a9b-922d-f42329c8844d 2023-06-06 21:36:38.9330419 -0500 CDT m=+0.024810701 1.0 MESSAGE 0xc00002eae0 0xc00002ec60 0.05  [229 208 127 126 30 80 12 136 139 237 110 74 226 9 221 161 124 138 227 54 144 45 169 105 104 99 236 201 201 134 27 51 190 214 70 131 20 168 149 208 123 131 93 222 135 10 198 136 88 146 13 148 159 214 134 75 96 188 22 53 226 194 79 24] []} Thank you Wallet0!}
[2023-06-06 21:36:38] Creating BANK-TX - FROM: 4037545eb21a83f1fe2250bf272a63ca13fe47fa8e7fb5e6c6bd8f6e9e72aa01, TO: 658fc43f6759ef07feb14a086a42b7748b0bc60eaf92950b794583b33f4c760f
[2023-06-06 21:36:38] Wallet2 Signing BANK-TX : &{{e1f865f2-90ba-49a7-bca9-70469f4a9d10 2023-06-06 21:36:38.9332909 -0500 CDT m=+0.025059701 1.0 BANK 0xc00002eba0 0xc00002eae0 0.05  [] []} 0.280042053710766}
[2023-06-06 21:36:38] Added TX to que: &{{e1f865f2-90ba-49a7-bca9-70469f4a9d10 2023-06-06 21:36:38.9332909 -0500 CDT m=+0.025059701 1.0 BANK 0xc00002eba0 0xc00002eae0 0.05  [199 234 87 243 52 154 79 142 255 193 138 77 221 101 154 223 227 208 147 241 231 219 137 111 137 149 19 209 199 165 142 19 215 187 245 19 49 76 35 178 226 197 90 203 111 105 234 218 38 169 101 252 198 56 73 229 229 124 33 161 214 78 163 129] []} 0.280042053710766}
Sleeping for 1ns...
[2023-06-06 21:36:38] Creating MESSAGE-TX - FROM: 658fc43f6759ef07feb14a086a42b7748b0bc60eaf92950b794583b33f4c760f, TO: 4037545eb21a83f1fe2250bf272a63ca13fe47fa8e7fb5e6c6bd8f6e9e72aa01
[2023-06-06 21:36:38] Wallet0 Signing MESSAGE-TX : &{{3c05a902-1d0b-4f63-8785-4770b66b0931 2023-06-06 21:36:38.9335367 -0500 CDT m=+0.025305501 1.0 MESSAGE 0xc00002eae0 0xc00002eba0 0.05  [] []} Thank you Wallet0!}
[2023-06-06 21:36:38] Added TX to que: &{{3c05a902-1d0b-4f63-8785-4770b66b0931 2023-06-06 21:36:38.9335367 -0500 CDT m=+0.025305501 1.0 MESSAGE 0xc00002eae0 0xc00002eba0 0.05  [56 233 112 239 38 88 60 135 81 74 176 63 198 220 173 55 79 78 32 33 48 156 70 67 120 228 94 224 134 97 249 149 231 239 156 101 22 18 99 3 63 155 173 12 117 44 38 135 70 2 37 85 118 156 118 65 191 222 67 63 173 83 47 89] []} Thank you Wallet0!}
[2023-06-06 21:36:38] Creating BANK-TX - FROM: d610fcfddb178776dbbfd268b52b9d9809fcf67b3583f64674ce0428213f1b06, TO: 45307df9fd00efcd4c89f3f6c10a6139de9977583472b0a22b76166e376f503b
[2023-06-06 21:36:38] Wallet3 Signing BANK-TX : &{{4267e660-c6d3-4c58-821a-33d18fad4c80 2023-06-06 21:36:38.9337486 -0500 CDT m=+0.025517401 1.0 BANK 0xc00002ec00 0xc00002ec60 0.05  [] []} 0.9744611278977523}
[2023-06-06 21:36:38] Added TX to que: &{{4267e660-c6d3-4c58-821a-33d18fad4c80 2023-06-06 21:36:38.9337486 -0500 CDT m=+0.025517401 1.0 BANK 0xc00002ec00 0xc00002ec60 0.05  [99 217 115 78 20 186 87 68 51 235 196 104 228 99 42 244 39 99 123 214 20 44 17 65 10 241 100 100 97 132 232 68 156 84 100 66 137 116 121 12 229 74 7 94 129 208 220 87 113 31 215 243 83 102 1 116 86 196 21 3 236 89 74 184] []} 0.9744611278977523}
Sleeping for 2ns...
[2023-06-06 21:36:38] Creating MESSAGE-TX - FROM: 45307df9fd00efcd4c89f3f6c10a6139de9977583472b0a22b76166e376f503b, TO: d610fcfddb178776dbbfd268b52b9d9809fcf67b3583f64674ce0428213f1b06
[2023-06-06 21:36:38] Wallet4 Signing MESSAGE-TX : &{{b596cccd-8222-4995-a1bb-77c89a46d424 2023-06-06 21:36:38.9340322 -0500 CDT m=+0.025801101 1.0 MESSAGE 0xc00002ec60 0xc00002ec00 0.05  [] []} Thank you Wallet4!}
[2023-06-06 21:36:38] Added TX to que: &{{b596cccd-8222-4995-a1bb-77c89a46d424 2023-06-06 21:36:38.9340322 -0500 CDT m=+0.025801101 1.0 MESSAGE 0xc00002ec60 0xc00002ec00 0.05  [78 27 246 119 166 30 115 216 216 228 226 99 186 136 217 198 249 95 135 116 179 66 191 110 159 220 95 99 241 63 179 199 242 41 24 12 241 33 54 232 102 203 160 19 53 3 136 132 207 142 81 165 72 241 231 31 148 126 137 34 27 180 200 114] []} Thank you Wallet4!}
[2023-06-06 21:36:38] Creating BANK-TX - FROM: 4037545eb21a83f1fe2250bf272a63ca13fe47fa8e7fb5e6c6bd8f6e9e72aa01, TO: a946885e1d7f06aa1ee45ee94190d1563789dbbc1eed6b45e317285e7a2a13e1
[2023-06-06 21:36:38] Wallet2 Signing BANK-TX : &{{fb6113d7-d3a9-439b-a2a2-389a05169043 2023-06-06 21:36:38.9342508 -0500 CDT m=+0.026019701 1.0 BANK 0xc00002eba0 0xc00002eb40 0.05  [] []} 0.5322610883614066}
[2023-06-06 21:36:38] Added TX to que: &{{fb6113d7-d3a9-439b-a2a2-389a05169043 2023-06-06 21:36:38.9342508 -0500 CDT m=+0.026019701 1.0 BANK 0xc00002eba0 0xc00002eb40 0.05  [88 18 137 220 247 169 98 20 217 147 68 180 58 255 193 100 59 207 135 7 216 237 117 198 11 215 216 247 165 161 128 155 112 158 176 132 81 123 133 14 211 242 97 193 192 207 144 11 68 60 234 125 19 177 47 114 5 227 67 0 183 196 91 117] []} 0.5322610883614066}
Sleeping for 1ns...
[2023-06-06 21:36:38] Creating MESSAGE-TX - FROM: a946885e1d7f06aa1ee45ee94190d1563789dbbc1eed6b45e317285e7a2a13e1, TO: 4037545eb21a83f1fe2250bf272a63ca13fe47fa8e7fb5e6c6bd8f6e9e72aa01
[2023-06-06 21:36:38] Wallet1 Signing MESSAGE-TX : &{{70081826-9ed8-41b6-90a3-849301f4d029 2023-06-06 21:36:38.9345503 -0500 CDT m=+0.026319201 1.0 MESSAGE 0xc00002eb40 0xc00002eba0 0.05  [] []} Thank you Wallet1!}
[2023-06-06 21:36:38] Added TX to que: &{{70081826-9ed8-41b6-90a3-849301f4d029 2023-06-06 21:36:38.9345503 -0500 CDT m=+0.026319201 1.0 MESSAGE 0xc00002eb40 0xc00002eba0 0.05  [175 190 18 55 137 55 33 9 99 36 116 143 228 100 174 154 228 91 200 124 219 105 241 77 138 123 145 71 138 248 220 17 206 248 167 129 232 225 90 224 107 39 239 175 90 221 53 234 182 54 166 91 38 19 140 82 57 172 244 92 150 212 202 3] []} Thank you Wallet1!}
[2023-06-06 21:36:38] Creating BANK-TX - FROM: a946885e1d7f06aa1ee45ee94190d1563789dbbc1eed6b45e317285e7a2a13e1, TO: 658fc43f6759ef07feb14a086a42b7748b0bc60eaf92950b794583b33f4c760f
[2023-06-06 21:36:38] Wallet1 Signing BANK-TX : &{{6e176819-15f7-42b5-9fe4-3da41d164fae 2023-06-06 21:36:38.93477 -0500 CDT m=+0.026538801 1.0 BANK 0xc00002eb40 0xc00002eae0 0.05  [] []} 0.7810655926392789}
[2023-06-06 21:36:38] Added TX to que: &{{6e176819-15f7-42b5-9fe4-3da41d164fae 2023-06-06 21:36:38.93477 -0500 CDT m=+0.026538801 1.0 BANK 0xc00002eb40 0xc00002eae0 0.05  [30 45 108 245 176 18 50 48 217 63 147 217 148 201 6 204 226 60 130 200 225 4 111 39 207 119 41 67 215 146 8 245 52 12 115 255 238 223 244 247 233 203 254 232 96 18 239 57 205 196 92 212 90 56 109 84 113 168 214 14 143 215 171 138] []} 0.7810655926392789}
Sleeping for 1ns...
[2023-06-06 21:36:38] Creating MESSAGE-TX - FROM: 658fc43f6759ef07feb14a086a42b7748b0bc60eaf92950b794583b33f4c760f, TO: a946885e1d7f06aa1ee45ee94190d1563789dbbc1eed6b45e317285e7a2a13e1
[2023-06-06 21:36:38] Wallet0 Signing MESSAGE-TX : &{{eb5c28dd-9ad7-4b6b-a5e3-a1257a7edaa3 2023-06-06 21:36:38.9350719 -0500 CDT m=+0.026840701 1.0 MESSAGE 0xc00002eae0 0xc00002eb40 0.05  [] []} Thank you Wallet0!}
[2023-06-06 21:36:38] Added TX to que: &{{eb5c28dd-9ad7-4b6b-a5e3-a1257a7edaa3 2023-06-06 21:36:38.9350719 -0500 CDT m=+0.026840701 1.0 MESSAGE 0xc00002eae0 0xc00002eb40 0.05  [109 156 163 116 249 62 110 139 244 247 129 113 251 207 233 201 103 123 82 211 67 89 241 187 129 76 159 177 13 84 172 69 119 19 48 153 253 116 139 8 29 38 209 152 63 43 165 150 228 219 237 239 173 223 238 220 55 221 252 160 250 11 216 169] []} Thank you Wallet0!}
[2023-06-06 21:36:38] Creating BANK-TX - FROM: 45307df9fd00efcd4c89f3f6c10a6139de9977583472b0a22b76166e376f503b, TO: d610fcfddb178776dbbfd268b52b9d9809fcf67b3583f64674ce0428213f1b06
[2023-06-06 21:36:38] Wallet4 Signing BANK-TX : &{{0aeb6e1a-14f2-4a5d-a17b-510fadf7d90c 2023-06-06 21:36:38.9352911 -0500 CDT m=+0.027059901 1.0 BANK 0xc00002ec60 0xc00002ec00 0.05  [] []} 0.9486367348011204}
[2023-06-06 21:36:38] Added TX to que: &{{0aeb6e1a-14f2-4a5d-a17b-510fadf7d90c 2023-06-06 21:36:38.9352911 -0500 CDT m=+0.027059901 1.0 BANK 0xc00002ec60 0xc00002ec00 0.05  [114 128 231 94 118 16 74 81 89 248 75 163 88 77 87 182 117 114 116 37 173 8 143 11 130 146 168 205 99 223 74 216 201 195 125 107 186 31 163 186 212 19 238 81 121 168 97 175 123 53 224 96 238 97 123 178 72 109 40 32 130 0 195 54] []} 0.9486367348011204}
Sleeping for 1ns...
[2023-06-06 21:36:38] Creating MESSAGE-TX - FROM: d610fcfddb178776dbbfd268b52b9d9809fcf67b3583f64674ce0428213f1b06, TO: 45307df9fd00efcd4c89f3f6c10a6139de9977583472b0a22b76166e376f503b
[2023-06-06 21:36:38] Wallet3 Signing MESSAGE-TX : &{{d5a7f9ee-eb08-4bee-8ac1-be21318d11a5 2023-06-06 21:36:38.9355536 -0500 CDT m=+0.027322401 1.0 MESSAGE 0xc00002ec00 0xc00002ec60 0.05  [] []} Thank you Wallet3!}
[2023-06-06 21:36:38] Added TX to que: &{{d5a7f9ee-eb08-4bee-8ac1-be21318d11a5 2023-06-06 21:36:38.9355536 -0500 CDT m=+0.027322401 1.0 MESSAGE 0xc00002ec00 0xc00002ec60 0.05  [155 184 204 37 81 110 91 157 185 17 70 196 201 214 183 186 60 176 181 234 114 21 146 21 191 222 1 44 100 1 237 31 20 163 234 76 64 30 237 186 158 253 191 138 247 118 219 207 114 115 32 38 119 93 191 5 241 119 210 167 220 158 26 225] []} Thank you Wallet3!}
[2023-06-06 21:36:38] Creating BANK-TX - FROM: 45307df9fd00efcd4c89f3f6c10a6139de9977583472b0a22b76166e376f503b, TO: 658fc43f6759ef07feb14a086a42b7748b0bc60eaf92950b794583b33f4c760f
[2023-06-06 21:36:38] Wallet4 Signing BANK-TX : &{{38bde165-2923-4442-86cf-c87368be869d 2023-06-06 21:36:38.9357452 -0500 CDT m=+0.027514101 1.0 BANK 0xc00002ec60 0xc00002eae0 0.05  [] []} 0.395175827108821}
[2023-06-06 21:36:38] Added TX to que: &{{38bde165-2923-4442-86cf-c87368be869d 2023-06-06 21:36:38.9357452 -0500 CDT m=+0.027514101 1.0 BANK 0xc00002ec60 0xc00002eae0 0.05  [239 83 119 237 240 239 136 198 49 148 218 224 94 162 137 174 104 86 3 183 195 247 236 222 183 52 103 181 16 168 162 107 226 138 86 222 23 8 211 147 252 167 163 43 181 6 247 204 30 163 28 222 103 222 163 237 237 126 133 199 102 133 137 49] []} 0.395175827108821}
Sleeping for 1ns...
[2023-06-06 21:36:38] Creating MESSAGE-TX - FROM: 658fc43f6759ef07feb14a086a42b7748b0bc60eaf92950b794583b33f4c760f, TO: 45307df9fd00efcd4c89f3f6c10a6139de9977583472b0a22b76166e376f503b
[2023-06-06 21:36:38] Wallet0 Signing MESSAGE-TX : &{{5435f890-74fd-4c39-9666-a035f076ee46 2023-06-06 21:36:38.9360321 -0500 CDT m=+0.027801001 1.0 MESSAGE 0xc00002eae0 0xc00002ec60 0.05  [] []} Thank you Wallet0!}
[2023-06-06 21:36:38] Added TX to que: &{{5435f890-74fd-4c39-9666-a035f076ee46 2023-06-06 21:36:38.9360321 -0500 CDT m=+0.027801001 1.0 MESSAGE 0xc00002eae0 0xc00002ec60 0.05  [17 146 167 26 156 23 69 38 136 216 177 255 57 244 167 64 181 176 74 208 111 70 13 204 68 180 129 76 253 252 152 59 27 207 42 9 229 127 218 159 116 171 175 148 218 254 22 147 70 165 81 211 23 188 197 151 52 226 220 75 88 154 171 237] []} Thank you Wallet0!}
[2023-06-06 21:36:38] Creating BANK-TX - FROM: 658fc43f6759ef07feb14a086a42b7748b0bc60eaf92950b794583b33f4c760f, TO: d610fcfddb178776dbbfd268b52b9d9809fcf67b3583f64674ce0428213f1b06
[2023-06-06 21:36:38] Wallet0 Signing BANK-TX : &{{65cf970e-2a43-4a12-a295-74b48150100a 2023-06-06 21:36:38.9362328 -0500 CDT m=+0.028001601 1.0 BANK 0xc00002eae0 0xc00002ec00 0.05  [] []} 0.16500581230513942}
[2023-06-06 21:36:38] Added TX to que: &{{65cf970e-2a43-4a12-a295-74b48150100a 2023-06-06 21:36:38.9362328 -0500 CDT m=+0.028001601 1.0 BANK 0xc00002eae0 0xc00002ec00 0.05  [45 3 17 124 228 243 109 15 104 88 25 138 235 204 161 137 117 255 49 210 99 9 15 168 222 120 167 186 73 101 91 233 107 127 27 178 181 98 45 86 220 196 60 132 221 34 43 225 52 79 196 176 190 234 190 127 106 200 253 186 136 16 151 83] []} 0.16500581230513942}
Sleeping for 1ns...
[2023-06-06 21:36:38] Creating MESSAGE-TX - FROM: d610fcfddb178776dbbfd268b52b9d9809fcf67b3583f64674ce0428213f1b06, TO: 658fc43f6759ef07feb14a086a42b7748b0bc60eaf92950b794583b33f4c760f
[2023-06-06 21:36:38] Wallet3 Signing MESSAGE-TX : &{{be152733-71eb-4dab-a5d9-04a5adfd69f1 2023-06-06 21:36:38.9364651 -0500 CDT m=+0.028233901 1.0 MESSAGE 0xc00002ec00 0xc00002eae0 0.05  [] []} Thank you Wallet3!}
[2023-06-06 21:36:38] Added TX to que: &{{be152733-71eb-4dab-a5d9-04a5adfd69f1 2023-06-06 21:36:38.9364651 -0500 CDT m=+0.028233901 1.0 MESSAGE 0xc00002ec00 0xc00002eae0 0.05  [5 185 31 169 25 3 183 209 150 76 240 195 232 152 249 38 78 4 225 229 183 170 75 95 59 186 57 60 146 49 119 217 137 233 141 2 216 194 42 171 187 22 39 52 205 171 218 177 102 77 25 134 150 174 178 108 227 52 119 226 65 33 211 32] []} Thank you Wallet3!}
[2023-06-06 21:36:38] Creating BANK-TX - FROM: 45307df9fd00efcd4c89f3f6c10a6139de9977583472b0a22b76166e376f503b, TO: 4037545eb21a83f1fe2250bf272a63ca13fe47fa8e7fb5e6c6bd8f6e9e72aa01
[2023-06-06 21:36:38] Wallet4 Signing BANK-TX : &{{c833dc39-7012-480f-9834-849cdee6b829 2023-06-06 21:36:38.9366647 -0500 CDT m=+0.028433601 1.0 BANK 0xc00002ec60 0xc00002eba0 0.05  [] []} 0.6993104282835001}
[2023-06-06 21:36:38] Added TX to que: &{{c833dc39-7012-480f-9834-849cdee6b829 2023-06-06 21:36:38.9366647 -0500 CDT m=+0.028433601 1.0 BANK 0xc00002ec60 0xc00002eba0 0.05  [137 38 48 110 223 40 185 109 208 235 221 179 166 219 150 70 93 60 159 229 250 26 179 77 73 47 192 201 161 24 103 202 117 216 241 126 200 84 59 162 149 27 22 19 157 229 80 102 36 81 120 233 79 215 134 68 235 120 212 39 109 164 28 123] []} 0.6993104282835001}
Sleeping for 1ns...
[2023-06-06 21:36:38] Creating MESSAGE-TX - FROM: 4037545eb21a83f1fe2250bf272a63ca13fe47fa8e7fb5e6c6bd8f6e9e72aa01, TO: 45307df9fd00efcd4c89f3f6c10a6139de9977583472b0a22b76166e376f503b
[2023-06-06 21:36:38] Wallet2 Signing MESSAGE-TX : &{{9ccba616-fc3f-4d95-a999-7b07e42e864e 2023-06-06 21:36:38.9370947 -0500 CDT m=+0.028863501 1.0 MESSAGE 0xc00002eba0 0xc00002ec60 0.05  [] []} Thank you Wallet2!}
[2023-06-06 21:36:38] Added TX to que: &{{9ccba616-fc3f-4d95-a999-7b07e42e864e 2023-06-06 21:36:38.9370947 -0500 CDT m=+0.028863501 1.0 MESSAGE 0xc00002eba0 0xc00002ec60 0.05  [219 235 141 146 125 47 114 89 38 126 8 10 85 46 134 83 195 211 194 227 57 153 27 10 227 247 170 94 220 67 55 49 184 131 7 166 192 58 241 225 148 217 179 147 168 17 242 61 160 99 219 220 101 14 7 9 49 167 64 29 74 223 93 223] []} Thank you Wallet2!}
[2023-06-06 21:36:38] Creating BANK-TX - FROM: 658fc43f6759ef07feb14a086a42b7748b0bc60eaf92950b794583b33f4c760f, TO: 4037545eb21a83f1fe2250bf272a63ca13fe47fa8e7fb5e6c6bd8f6e9e72aa01
[2023-06-06 21:36:38] Wallet0 Signing BANK-TX : &{{07ab7106-4b19-4ace-850f-8be400e2dc41 2023-06-06 21:36:38.9391922 -0500 CDT m=+0.030961001 1.0 BANK 0xc00002eae0 0xc00002eba0 0.05  [] []} 0.21466656049659738}
[2023-06-06 21:36:38] Added TX to que: &{{07ab7106-4b19-4ace-850f-8be400e2dc41 2023-06-06 21:36:38.9391922 -0500 CDT m=+0.030961001 1.0 BANK 0xc00002eae0 0xc00002eba0 0.05  [201 189 119 48 218 120 43 145 90 118 103 113 214 26 0 191 56 68 21 181 177 197 194 78 24 71 35 112 191 43 190 102 34 5 95 6 17 107 110 185 77 215 149 126 208 1 54 105 102 78 46 132 176 214 167 152 18 151 78 129 244 189 153 138] []} 0.21466656049659738}
Sleeping for 1ns...
[2023-06-06 21:36:38] Creating MESSAGE-TX - FROM: 4037545eb21a83f1fe2250bf272a63ca13fe47fa8e7fb5e6c6bd8f6e9e72aa01, TO: 658fc43f6759ef07feb14a086a42b7748b0bc60eaf92950b794583b33f4c760f
[2023-06-06 21:36:38] Wallet2 Signing MESSAGE-TX : &{{4b5c35e6-9e67-4e9a-8f57-d61917056095 2023-06-06 21:36:38.9395535 -0500 CDT m=+0.031322301 1.0 MESSAGE 0xc00002eba0 0xc00002eae0 0.05  [] []} Thank you Wallet2!}
[2023-06-06 21:36:38] Added TX to que: &{{4b5c35e6-9e67-4e9a-8f57-d61917056095 2023-06-06 21:36:38.9395535 -0500 CDT m=+0.031322301 1.0 MESSAGE 0xc00002eba0 0xc00002eae0 0.05  [24 26 163 108 26 114 92 173 132 233 100 120 252 52 36 189 181 212 82 80 246 242 237 189 193 228 14 214 130 205 112 82 38 148 126 57 255 28 234 232 32 18 55 195 186 159 29 108 156 7 24 29 237 160 94 65 132 118 179 251 4 164 15 209] []} Thank you Wallet2!}
PASS